<?xml version="1.0" encoding="UTF-8"?>
<testng-results ignored="0" total="1" passed="1" failed="0" skipped="0">
  <reporter-output>
  </reporter-output>
  <suite started-at="2022-01-23T19:48:33 IST" name="Default suite" finished-at="2022-01-23T19:49:10 IST" duration-ms="36341">
    <groups>
    </groups>
    <test started-at="2022-01-23T19:48:33 IST" name="Default test" finished-at="2022-01-23T19:49:10 IST" duration-ms="36341">
      <class name="KsrtcProject.Login_booking">
        <test-method signature="ksrtc()[pri:0, instance:KsrtcProject.Login_booking@429bffaa]" started-at="2022-01-23T19:48:34 IST" name="ksrtc" finished-at="2022-01-23T19:49:10 IST" duration-ms="36306" status="PASS">
          <reporter-output>
          </reporter-output>
        </test-method> <!-- ksrtc -->
      </class> <!-- KsrtcProject.Login_booking -->
    </test> <!-- Default test -->
  </suite> <!-- Default suite -->
</testng-results>
